[2025-02-05 05:32:38] local.ERROR: No alive nodes found in your cluster {"exception":"[object] (OpenSearch\\Common\\Exceptions\\NoNodesAvailableException(code: 0): No alive nodes found in your cluster at /var/www/vendor/opensearch-project/opensearch-php/src/OpenSearch/ConnectionPool/StaticNoPingConnectionPool.php:76)
[stacktrace]
#0 /var/www/vendor/opensearch-project/opensearch-php/src/OpenSearch/Transport.php(90): OpenSearch\\ConnectionPool\\StaticNoPingConnectionPool->nextConnection()
#1 /var/www/vendor/opensearch-project/opensearch-php/src/OpenSearch/Transport.php(107): OpenSearch\\Transport->getConnection()
#2 /var/www/vendor/opensearch-project/opensearch-php/src/OpenSearch/Connections/Connection.php(302): OpenSearch\\Transport->performRequest('HEAD', '/users', Array, NULL, Array)
#3 /var/www/vendor/react/promise/src/FulfilledPromise.php(28): OpenSearch\\Connections\\Connection->OpenSearch\\Connections\\{closure}(Array)
#4 /var/www/vendor/ezimuel/ringphp/src/Future/CompletedFutureValue.php(65): React\\Promise\\FulfilledPromise->then(Object(Closure), NULL, NULL)
#5 /var/www/vendor/ezimuel/ringphp/src/Core.php(341): GuzzleHttp\\Ring\\Future\\CompletedFutureValue->then(Object(Closure), NULL, NULL)
#6 /var/www/vendor/opensearch-project/opensearch-php/src/OpenSearch/Connections/Connection.php(350): GuzzleHttp\\Ring\\Core::proxy(Object(GuzzleHttp\\Ring\\Future\\CompletedFutureArray), Object(Closure))
#7 /var/www/vendor/opensearch-project/opensearch-php/src/OpenSearch/Connections/Connection.php(248): OpenSearch\\Connections\\Connection->OpenSearch\\Connections\\{closure}(Array, Object(OpenSearch\\Connections\\Connection), Object(OpenSearch\\Transport), Array)
#8 /var/www/vendor/opensearch-project/opensearch-php/src/OpenSearch/Transport.php(118): OpenSearch\\Connections\\Connection->performRequest('HEAD', '/users', Array, NULL, Array, Object(OpenSearch\\Transport))
#9 /var/www/vendor/opensearch-project/opensearch-php/src/OpenSearch/LegacyTransportWrapper.php(32): OpenSearch\\Transport->performRequest('HEAD', '/users', Array, NULL)
#10 /var/www/vendor/opensearch-project/opensearch-php/src/OpenSearch/Namespaces/BooleanRequestWrapper.php(50): OpenSearch\\LegacyTransportWrapper->sendRequest('HEAD', '/users', Array, NULL, Array)
#11 /var/www/vendor/opensearch-project/opensearch-php/src/OpenSearch/Namespaces/IndicesNamespace.php(441): OpenSearch\\Namespaces\\BooleanRequestWrapper::sendRequest(Object(OpenSearch\\Endpoints\\Indices\\Exists), Object(OpenSearch\\LegacyTransportWrapper))
#12 /var/www/App/Repositories/OpenSearchRepository.php(26): OpenSearch\\Namespaces\\IndicesNamespace->exists(Array)
#13 /var/www/App/Repositories/OpenSearchRepository.php(20): App\\Repositories\\OpenSearchRepository->ensureIndexExists()
#14 /var/www/App/Factories/SearchRepositoryFactory.php(18): App\\Repositories\\OpenSearchRepository->__construct()
#15 /var/www/App/Services/SearchService.php(14): App\\Factories\\SearchRepositoryFactory::create()
#16 [internal function]: App\\Services\\SearchService->__construct()
#17 /var/www/vendor/illuminate/container/Container.php(952): ReflectionClass->newInstanceArgs(Array)
#18 /var/www/vendor/illuminate/container/Container.php(795): Illuminate\\Container\\Container->build('App\\\\Services\\\\Se...')
#19 /var/www/vendor/illuminate/container/Container.php(731): Illuminate\\Container\\Container->resolve('App\\\\Services\\\\Se...', Array)
#20 /var/www/vendor/laravel/lumen-framework/src/Application.php(327): Illuminate\\Container\\Container->make('App\\\\Services\\\\Se...', Array)
#21 /var/www/vendor/illuminate/container/Container.php(1066): Laravel\\Lumen\\Application->make('App\\\\Services\\\\Se...')
#22 /var/www/vendor/illuminate/container/Container.php(982): Illuminate\\Container\\Container->resolveClass(Object(ReflectionParameter))
#23 /var/www/vendor/illuminate/container/Container.php(943): Illuminate\\Container\\Container->resolveDependencies(Array)
#24 /var/www/vendor/illuminate/container/Container.php(795): Illuminate\\Container\\Container->build('App\\\\Http\\\\Contro...')
#25 /var/www/vendor/illuminate/container/Container.php(731): Illuminate\\Container\\Container->resolve('App\\\\Http\\\\Contro...', Array)
#26 /var/www/vendor/laravel/lumen-framework/src/Application.php(327): Illuminate\\Container\\Container->make('App\\\\Http\\\\Contro...', Array)
#27 /var/www/vendor/laravel/lumen-framework/src/Concerns/RoutesRequests.php(326): Laravel\\Lumen\\Application->make('App\\\\Http\\\\Contro...')
#28 /var/www/vendor/laravel/lumen-framework/src/Concerns/RoutesRequests.php(284): Laravel\\Lumen\\Application->callControllerAction(Array)
#29 /var/www/vendor/laravel/lumen-framework/src/Concerns/RoutesRequests.php(269): Laravel\\Lumen\\Application->callActionOnArrayBasedRoute(Array)
#30 /var/www/vendor/laravel/lumen-framework/src/Concerns/RoutesRequests.php(171): Laravel\\Lumen\\Application->handleFoundRoute(Array)
#31 /var/www/vendor/laravel/lumen-framework/src/Routing/Pipeline.php(48): Laravel\\Lumen\\Application->Laravel\\Lumen\\Concerns\\{closure}(Object(Laravel\\Lumen\\Http\\Request))
#32 /var/www/App/Http/Middleware/CorsMiddleware.php(11): Laravel\\Lumen\\Routing\\Pipeline->Laravel\\Lumen\\Routing\\{closure}(Object(Laravel\\Lumen\\Http\\Request))
#33 /var/www/vendor/illuminate/pipeline/Pipeline.php(183): App\\Http\\Middleware\\CorsMiddleware->handle(Object(Laravel\\Lumen\\Http\\Request), Object(Closure))
#34 /var/www/vendor/laravel/lumen-framework/src/Routing/Pipeline.php(30): Illuminate\\Pipeline\\Pipeline->Illuminate\\Pipeline\\{closure}(Object(Laravel\\Lumen\\Http\\Request))
#35 /var/www/vendor/illuminate/pipeline/Pipeline.php(119): Laravel\\Lumen\\Routing\\Pipeline->Laravel\\Lumen\\Routing\\{closure}(Object(Laravel\\Lumen\\Http\\Request))
#36 /var/www/vendor/laravel/lumen-framework/src/Concerns/RoutesRequests.php(428): Illuminate\\Pipeline\\Pipeline->then(Object(Closure))
#37 /var/www/vendor/laravel/lumen-framework/src/Concerns/RoutesRequests.php(177): Laravel\\Lumen\\Application->sendThroughPipeline(Array, Object(Closure))
#38 /var/www/vendor/laravel/lumen-framework/src/Concerns/RoutesRequests.php(112): Laravel\\Lumen\\Application->dispatch(NULL)
#39 /var/www/public/index.php(52): Laravel\\Lumen\\Application->run()
#40 {main}
"} 
[2025-02-05 05:32:40] local.ERROR: No alive nodes found in your cluster {"exception":"[object] (OpenSearch\\Common\\Exceptions\\NoNodesAvailableException(code: 0): No alive nodes found in your cluster at /var/www/vendor/opensearch-project/opensearch-php/src/OpenSearch/ConnectionPool/StaticNoPingConnectionPool.php:76)
[stacktrace]
#0 /var/www/vendor/opensearch-project/opensearch-php/src/OpenSearch/Transport.php(90): OpenSearch\\ConnectionPool\\StaticNoPingConnectionPool->nextConnection()
#1 /var/www/vendor/opensearch-project/opensearch-php/src/OpenSearch/Transport.php(107): OpenSearch\\Transport->getConnection()
#2 /var/www/vendor/opensearch-project/opensearch-php/src/OpenSearch/Connections/Connection.php(302): OpenSearch\\Transport->performRequest('HEAD', '/users', Array, NULL, Array)
#3 /var/www/vendor/react/promise/src/FulfilledPromise.php(28): OpenSearch\\Connections\\Connection->OpenSearch\\Connections\\{closure}(Array)
#4 /var/www/vendor/ezimuel/ringphp/src/Future/CompletedFutureValue.php(65): React\\Promise\\FulfilledPromise->then(Object(Closure), NULL, NULL)
#5 /var/www/vendor/ezimuel/ringphp/src/Core.php(341): GuzzleHttp\\Ring\\Future\\CompletedFutureValue->then(Object(Closure), NULL, NULL)
#6 /var/www/vendor/opensearch-project/opensearch-php/src/OpenSearch/Connections/Connection.php(350): GuzzleHttp\\Ring\\Core::proxy(Object(GuzzleHttp\\Ring\\Future\\CompletedFutureArray), Object(Closure))
#7 /var/www/vendor/opensearch-project/opensearch-php/src/OpenSearch/Connections/Connection.php(248): OpenSearch\\Connections\\Connection->OpenSearch\\Connections\\{closure}(Array, Object(OpenSearch\\Connections\\Connection), Object(OpenSearch\\Transport), Array)
#8 /var/www/vendor/opensearch-project/opensearch-php/src/OpenSearch/Transport.php(118): OpenSearch\\Connections\\Connection->performRequest('HEAD', '/users', Array, NULL, Array, Object(OpenSearch\\Transport))
#9 /var/www/vendor/opensearch-project/opensearch-php/src/OpenSearch/LegacyTransportWrapper.php(32): OpenSearch\\Transport->performRequest('HEAD', '/users', Array, NULL)
#10 /var/www/vendor/opensearch-project/opensearch-php/src/OpenSearch/Namespaces/BooleanRequestWrapper.php(50): OpenSearch\\LegacyTransportWrapper->sendRequest('HEAD', '/users', Array, NULL, Array)
#11 /var/www/vendor/opensearch-project/opensearch-php/src/OpenSearch/Namespaces/IndicesNamespace.php(441): OpenSearch\\Namespaces\\BooleanRequestWrapper::sendRequest(Object(OpenSearch\\Endpoints\\Indices\\Exists), Object(OpenSearch\\LegacyTransportWrapper))
#12 /var/www/App/Repositories/OpenSearchRepository.php(26): OpenSearch\\Namespaces\\IndicesNamespace->exists(Array)
#13 /var/www/App/Repositories/OpenSearchRepository.php(20): App\\Repositories\\OpenSearchRepository->ensureIndexExists()
#14 /var/www/App/Factories/SearchRepositoryFactory.php(18): App\\Repositories\\OpenSearchRepository->__construct()
#15 /var/www/App/Services/SearchService.php(14): App\\Factories\\SearchRepositoryFactory::create()
#16 [internal function]: App\\Services\\SearchService->__construct()
#17 /var/www/vendor/illuminate/container/Container.php(952): ReflectionClass->newInstanceArgs(Array)
#18 /var/www/vendor/illuminate/container/Container.php(795): Illuminate\\Container\\Container->build('App\\\\Services\\\\Se...')
#19 /var/www/vendor/illuminate/container/Container.php(731): Illuminate\\Container\\Container->resolve('App\\\\Services\\\\Se...', Array)
#20 /var/www/vendor/laravel/lumen-framework/src/Application.php(327): Illuminate\\Container\\Container->make('App\\\\Services\\\\Se...', Array)
#21 /var/www/vendor/illuminate/container/Container.php(1066): Laravel\\Lumen\\Application->make('App\\\\Services\\\\Se...')
#22 /var/www/vendor/illuminate/container/Container.php(982): Illuminate\\Container\\Container->resolveClass(Object(ReflectionParameter))
#23 /var/www/vendor/illuminate/container/Container.php(943): Illuminate\\Container\\Container->resolveDependencies(Array)
#24 /var/www/vendor/illuminate/container/Container.php(795): Illuminate\\Container\\Container->build('App\\\\Http\\\\Contro...')
#25 /var/www/vendor/illuminate/container/Container.php(731): Illuminate\\Container\\Container->resolve('App\\\\Http\\\\Contro...', Array)
#26 /var/www/vendor/laravel/lumen-framework/src/Application.php(327): Illuminate\\Container\\Container->make('App\\\\Http\\\\Contro...', Array)
#27 /var/www/vendor/laravel/lumen-framework/src/Concerns/RoutesRequests.php(326): Laravel\\Lumen\\Application->make('App\\\\Http\\\\Contro...')
#28 /var/www/vendor/laravel/lumen-framework/src/Concerns/RoutesRequests.php(284): Laravel\\Lumen\\Application->callControllerAction(Array)
#29 /var/www/vendor/laravel/lumen-framework/src/Concerns/RoutesRequests.php(269): Laravel\\Lumen\\Application->callActionOnArrayBasedRoute(Array)
#30 /var/www/vendor/laravel/lumen-framework/src/Concerns/RoutesRequests.php(171): Laravel\\Lumen\\Application->handleFoundRoute(Array)
#31 /var/www/vendor/laravel/lumen-framework/src/Routing/Pipeline.php(48): Laravel\\Lumen\\Application->Laravel\\Lumen\\Concerns\\{closure}(Object(Laravel\\Lumen\\Http\\Request))
#32 /var/www/App/Http/Middleware/CorsMiddleware.php(11): Laravel\\Lumen\\Routing\\Pipeline->Laravel\\Lumen\\Routing\\{closure}(Object(Laravel\\Lumen\\Http\\Request))
#33 /var/www/vendor/illuminate/pipeline/Pipeline.php(183): App\\Http\\Middleware\\CorsMiddleware->handle(Object(Laravel\\Lumen\\Http\\Request), Object(Closure))
#34 /var/www/vendor/laravel/lumen-framework/src/Routing/Pipeline.php(30): Illuminate\\Pipeline\\Pipeline->Illuminate\\Pipeline\\{closure}(Object(Laravel\\Lumen\\Http\\Request))
#35 /var/www/vendor/illuminate/pipeline/Pipeline.php(119): Laravel\\Lumen\\Routing\\Pipeline->Laravel\\Lumen\\Routing\\{closure}(Object(Laravel\\Lumen\\Http\\Request))
#36 /var/www/vendor/laravel/lumen-framework/src/Concerns/RoutesRequests.php(428): Illuminate\\Pipeline\\Pipeline->then(Object(Closure))
#37 /var/www/vendor/laravel/lumen-framework/src/Concerns/RoutesRequests.php(177): Laravel\\Lumen\\Application->sendThroughPipeline(Array, Object(Closure))
#38 /var/www/vendor/laravel/lumen-framework/src/Concerns/RoutesRequests.php(112): Laravel\\Lumen\\Application->dispatch(NULL)
#39 /var/www/public/index.php(52): Laravel\\Lumen\\Application->run()
#40 {main}
"} 
[2025-02-05 07:31:22] local.ERROR: json_decode(): Argument #1 ($json) must be of type string, array given {"exception":"[object] (TypeError(code: 0): json_decode(): Argument #1 ($json) must be of type string, array given at /var/www/App/Repositories/MockRepository.php:35)
[stacktrace]
#0 /var/www/App/Repositories/MockRepository.php(35): json_decode(Array)
#1 /var/www/App/Services/SearchService.php(19): App\\Repositories\\MockRepository->search('users', 'john')
#2 /var/www/App/Http/Controllers/SearchController.php(27): App\\Services\\SearchService->search('users', 'john')
#3 /var/www/vendor/illuminate/container/BoundMethod.php(36): App\\Http\\Controllers\\SearchController->search(Object(Laravel\\Lumen\\Http\\Request))
#4 /var/www/vendor/illuminate/container/Util.php(41): Illuminate\\Container\\BoundMethod::Illuminate\\Container\\{closure}()
#5 /var/www/vendor/illuminate/container/BoundMethod.php(93): Illuminate\\Container\\Util::unwrapIfClosure(Object(Closure))
#6 /var/www/vendor/illuminate/container/BoundMethod.php(37): Illuminate\\Container\\BoundMethod::callBoundMethod(Object(Laravel\\Lumen\\Application), Array, Object(Closure))
#7 /var/www/vendor/illuminate/container/Container.php(662): Illuminate\\Container\\BoundMethod::call(Object(Laravel\\Lumen\\Application), Array, Array, NULL)
#8 /var/www/vendor/laravel/lumen-framework/src/Concerns/RoutesRequests.php(391): Illuminate\\Container\\Container->call(Array, Array)
#9 /var/www/vendor/laravel/lumen-framework/src/Concerns/RoutesRequests.php(357): Laravel\\Lumen\\Application->callControllerCallable(Array, Array)
#10 /var/www/vendor/laravel/lumen-framework/src/Concerns/RoutesRequests.php(331): Laravel\\Lumen\\Application->callLumenController(Object(App\\Http\\Controllers\\SearchController), 'search', Array)
#11 /var/www/vendor/laravel/lumen-framework/src/Concerns/RoutesRequests.php(284): Laravel\\Lumen\\Application->callControllerAction(Array)
#12 /var/www/vendor/laravel/lumen-framework/src/Concerns/RoutesRequests.php(269): Laravel\\Lumen\\Application->callActionOnArrayBasedRoute(Array)
#13 /var/www/vendor/laravel/lumen-framework/src/Concerns/RoutesRequests.php(171): Laravel\\Lumen\\Application->handleFoundRoute(Array)
#14 /var/www/vendor/laravel/lumen-framework/src/Routing/Pipeline.php(48): Laravel\\Lumen\\Application->Laravel\\Lumen\\Concerns\\{closure}(Object(Laravel\\Lumen\\Http\\Request))
#15 /var/www/App/Http/Middleware/CorsMiddleware.php(11): Laravel\\Lumen\\Routing\\Pipeline->Laravel\\Lumen\\Routing\\{closure}(Object(Laravel\\Lumen\\Http\\Request))
#16 /var/www/vendor/illuminate/pipeline/Pipeline.php(183): App\\Http\\Middleware\\CorsMiddleware->handle(Object(Laravel\\Lumen\\Http\\Request), Object(Closure))
#17 /var/www/vendor/laravel/lumen-framework/src/Routing/Pipeline.php(30): Illuminate\\Pipeline\\Pipeline->Illuminate\\Pipeline\\{closure}(Object(Laravel\\Lumen\\Http\\Request))
#18 /var/www/vendor/illuminate/pipeline/Pipeline.php(119): Laravel\\Lumen\\Routing\\Pipeline->Laravel\\Lumen\\Routing\\{closure}(Object(Laravel\\Lumen\\Http\\Request))
#19 /var/www/vendor/laravel/lumen-framework/src/Concerns/RoutesRequests.php(428): Illuminate\\Pipeline\\Pipeline->then(Object(Closure))
#20 /var/www/vendor/laravel/lumen-framework/src/Concerns/RoutesRequests.php(177): Laravel\\Lumen\\Application->sendThroughPipeline(Array, Object(Closure))
#21 /var/www/vendor/laravel/lumen-framework/src/Concerns/RoutesRequests.php(112): Laravel\\Lumen\\Application->dispatch(NULL)
#22 /var/www/public/index.php(52): Laravel\\Lumen\\Application->run()
#23 {main}
"} 
